#
# There is insufficient memory for the Java Runtime Environment to continue.
# Native memory allocation (malloc) failed to allocate 1048576 bytes for AllocateHeap
# Possible reasons:
#   The system is out of physical RAM or swap space
#   The process is running with CompressedOops enabled, and the Java Heap may be blocking the growth of the native heap
# Possible solutions:
#   Reduce memory load on the system
#   Increase physical memory or swap space
#   Check if swap backing store is full
#   Decrease Java heap size (-Xmx/-Xms)
#   Decrease number of Java threads
#   Decrease Java thread stack sizes (-Xss)
#   Set larger code cache with -XX:ReservedCodeCacheSize=
#   JVM is running with Zero Based Compressed Oops mode in which the Java heap is
#     placed in the first 32GB address space. The Java Heap base address is the
#     maximum limit for the native heap growth. Please use -XX:HeapBaseMinAddress
#     to set the Java Heap base and to place the Java Heap above 32GB virtual address.
# This output file may be truncated or incomplete.
#
#  Out of Memory Error (allocation.cpp:44), pid=7224, tid=15844
#
# JRE version:  (17.0.10+1) (build )
# Java VM: OpenJDK 64-Bit Server VM (17.0.10+1-b1087.17, mixed mode, sharing, tiered, compressed oops, compressed class ptrs, g1 gc, windows-amd64)
# No core dump will be written. Minidumps are not enabled by default on client versions of Windows
#

---------------  S U M M A R Y ------------

Command Line: -Dfile.encoding=GBK C:\Program Files\Huawei\DevEco Studio\sdk\HarmonyOS-NEXT-DB5\openharmony\toolchains\lib\app_packing_tool.jar --mode hap --force true --lib-path C:\Users\18237\Desktop\project-files\charge\20240902-hm-0.0.1-mall\authority\hm\entry\build\default\intermediates\stripped_native_libs\default --json-path C:\Users\18237\Desktop\project-files\charge\20240902-hm-0.0.1-mall\authority\hm\entry\build\default\intermediates\package\default\module.json --resources-path C:\Users\18237\Desktop\project-files\charge\20240902-hm-0.0.1-mall\authority\hm\entry\build\default\intermediates\res\default\resources --index-path C:\Users\18237\Desktop\project-files\charge\20240902-hm-0.0.1-mall\authority\hm\entry\build\default\intermediates\res\default\resources.index --pack-info-path C:\Users\18237\Desktop\project-files\charge\20240902-hm-0.0.1-mall\authority\hm\entry\build\default\outputs\default\pack.info --out-path C:\Users\18237\Desktop\project-files\charge\20240902-hm-0.0.1-mall\authority\hm\entry\build\default\outputs\default\entry-default-unsigned.hap --ets-path C:\Users\18237\Desktop\project-files\charge\20240902-hm-0.0.1-mall\authority\hm\entry\build\default\intermediates\loader_out\default\ets

Host: AMD Ryzen 7 7435H, 16 cores, 15G,  Windows 11 , 64 bit Build 22621 (10.0.22621.3958)
Time: Thu Sep 12 08:58:59 2024  Windows 11 , 64 bit Build 22621 (10.0.22621.3958) elapsed time: 0.012070 seconds (0d 0h 0m 0s)

---------------  T H R E A D  ---------------

Current thread (0x0000000002b91f50):  JavaThread "Unknown thread" [_thread_in_vm, id=15844, stack(0x0000000002240000,0x0000000002340000)]

Stack: [0x0000000002240000,0x0000000002340000]
Native frames: (J=compiled Java code, j=interpreted, Vv=VM code, C=native code)
V  [jvm.dll+0x688ac9]
V  [jvm.dll+0x84220a]
V  [jvm.dll+0x843e4e]
V  [jvm.dll+0x8444b3]
V  [jvm.dll+0x24ba8f]
V  [jvm.dll+0xa6ca3]
V  [jvm.dll+0x2eb867]
V  [jvm.dll+0x2e34fb]
V  [jvm.dll+0x812d71]
V  [jvm.dll+0x3718e1]
V  [jvm.dll+0x7f18d6]
V  [jvm.dll+0x3f553f]
V  [jvm.dll+0x3f7171]
C  [jli.dll+0x528f]
C  [ucrtbase.dll+0x29333]
C  [KERNEL32.DLL+0x1257d]
C  [ntdll.dll+0x5af28]


---------------  P R O C E S S  ---------------

Threads class SMR info:
_java_thread_list=0x00007ff9d97bef58, length=0, elements={
}

Java Threads: ( => current thread )

Other Threads:
  0x0000000002c01530 GCTaskThread "GC Thread#0" [stack: 0x000000001f120000,0x000000001f220000] [id=19120]

[error occurred during error reporting (printing all threads), id 0xc0000005, EXCEPTION_ACCESS_VIOLATION (0xc0000005) at pc=0x00007ff9d8f707b0]

VM state: not at safepoint (not fully initialized)

VM Mutex/Monitor currently owned by a thread:  ([mutex/lock_event])
[0x0000000002b8d2a0] Heap_lock - owner thread: 0x0000000002b91f50

Heap address: 0x0000000704000000, size: 4032 MB, Compressed Oops mode: Zero based, Oop shift amount: 3

CDS archive(s) mapped at: [0x0000000000000000-0x0000000000000000-0x0000000000000000), size 0, SharedBaseAddress: 0x0000000800000000, ArchiveRelocationMode: 1.
Narrow klass base: 0x0000000000000000, Narrow klass shift: 0, Narrow klass range: 0x0

GC Precious Log:
<Empty>

Heap:
 garbage-first heap   total 0K, used 0K [0x0000000704000000, 0x0000000800000000)
  region size 2048K, 0 young (0K), 0 survivors (0K)
 Metaspace       used 0K, committed 0K, reserved 0K
  class space    used 0K, committed 0K, reserved 0K

Heap Regions: E=young(eden), S=young(survivor), O=old, HS=humongous(starts), HC=humongous(continues), CS=collection set, F=free, OA=open archive, CA=closed archive, TAMS=top-at-mark-start (previous, next)

Card table byte_map: [0x0000000016360000,0x0000000016b40000] _byte_map_base: 0x0000000012b40000

GC Heap History (0 events):
No events

Dll operation events (1 events):
Event: 0.008 Loaded shared library C:\Program Files\Huawei\DevEco Studio\jbr\bin\java.dll

Deoptimization events (0 events):
No events

Classes unloaded (0 events):
No events

Classes redefined (0 events):
No events

Internal exceptions (0 events):
No events

VM Operations (0 events):
No events

Events (0 events):
No events


Dynamic libraries:
0x00007ff657e20000 - 0x00007ff657e2a000 	C:\Program Files\Huawei\DevEco Studio\jbr\bin\java.exe
0x00007ffa62cb0000 - 0x00007ffa62ec7000 	C:\Windows\SYSTEM32\ntdll.dll
0x00007ffa61d90000 - 0x00007ffa61e54000 	C:\Windows\System32\KERNEL32.DLL
0x00007ffa60120000 - 0x00007ffa604cd000 	C:\Windows\System32\KERNELBASE.dll
0x00007ffa60000000 - 0x00007ffa60111000 	C:\Windows\System32\ucrtbase.dll
0x00007ff9d8c10000 - 0x00007ff9d8c27000 	C:\Program Files\Huawei\DevEco Studio\jbr\bin\jli.dll
0x00007ffa3e990000 - 0x00007ffa3e9ab000 	C:\Program Files\Huawei\DevEco Studio\jbr\bin\VCRUNTIME140.dll
0x00007ffa62a70000 - 0x00007ffa62c1e000 	C:\Windows\System32\USER32.dll
0x00007ffa5ffd0000 - 0x00007ffa5fff6000 	C:\Windows\System32\win32u.dll
0x00007ffa3c5a0000 - 0x00007ffa3c833000 	C:\Windows\WinSxS\amd64_microsoft.windows.common-controls_6595b64144ccf1df_6.0.22621.3672_none_2713b9d173822955\COMCTL32.dll
0x00007ffa62c20000 - 0x00007ffa62c49000 	C:\Windows\System32\GDI32.dll
0x00007ffa60e30000 - 0x00007ffa60ed7000 	C:\Windows\System32\msvcrt.dll
0x00007ffa60710000 - 0x00007ffa60829000 	C:\Windows\System32\gdi32full.dll
0x00007ffa60670000 - 0x00007ffa6070a000 	C:\Windows\System32\msvcp_win.dll
0x00007ffa60a40000 - 0x00007ffa60a71000 	C:\Windows\System32\IMM32.DLL
0x00007ffa39800000 - 0x00007ffa3980c000 	C:\Program Files\Huawei\DevEco Studio\jbr\bin\vcruntime140_1.dll
0x00007ff9f5d40000 - 0x00007ff9f5dcd000 	C:\Program Files\Huawei\DevEco Studio\jbr\bin\msvcp140.dll
0x00007ff9d8c80000 - 0x00007ff9d9903000 	C:\Program Files\Huawei\DevEco Studio\jbr\bin\server\jvm.dll
0x00007ffa62900000 - 0x00007ffa629b2000 	C:\Windows\System32\ADVAPI32.dll
0x00007ffa60aa0000 - 0x00007ffa60b49000 	C:\Windows\System32\sechost.dll
0x00007ffa604d0000 - 0x00007ffa604f8000 	C:\Windows\System32\bcrypt.dll
0x00007ffa60b50000 - 0x00007ffa60c64000 	C:\Windows\System32\RPCRT4.dll
0x00007ffa5ee40000 - 0x00007ffa5ee8d000 	C:\Windows\SYSTEM32\POWRPROF.dll
0x00007ffa5aa60000 - 0x00007ffa5aa69000 	C:\Windows\SYSTEM32\WSOCK32.dll
0x00007ffa5b920000 - 0x00007ffa5b954000 	C:\Windows\SYSTEM32\WINMM.dll
0x00007ffa5b570000 - 0x00007ffa5b57a000 	C:\Windows\SYSTEM32\VERSION.dll
0x00007ffa61100000 - 0x00007ffa61171000 	C:\Windows\System32\WS2_32.dll
0x00007ffa5ee20000 - 0x00007ffa5ee33000 	C:\Windows\SYSTEM32\UMPDC.dll
0x00007ffa5f0d0000 - 0x00007ffa5f0e8000 	C:\Windows\SYSTEM32\kernel.appcore.dll
0x00007ff9d8c70000 - 0x00007ff9d8c7a000 	C:\Program Files\Huawei\DevEco Studio\jbr\bin\jimage.dll
0x00007ffa5a1f0000 - 0x00007ffa5a422000 	C:\Windows\SYSTEM32\DBGHELP.DLL
0x00007ffa61180000 - 0x00007ffa6150e000 	C:\Windows\System32\combase.dll
0x00007ffa61bb0000 - 0x00007ffa61c87000 	C:\Windows\System32\OLEAUT32.dll
0x00007ffa562d0000 - 0x00007ffa56302000 	C:\Windows\SYSTEM32\dbgcore.DLL
0x00007ffa608f0000 - 0x00007ffa6096b000 	C:\Windows\System32\bcryptPrimitives.dll
0x00007ff9d8c30000 - 0x00007ff9d8c55000 	C:\Program Files\Huawei\DevEco Studio\jbr\bin\java.dll

dbghelp: loaded successfully - version: 4.0.5 - missing functions: none
symbol engine: initialized successfully - sym options: 0x614 - pdb path: .;C:\Program Files\Huawei\DevEco Studio\jbr\bin;C:\Windows\SYSTEM32;C:\Windows\WinSxS\amd64_microsoft.windows.common-controls_6595b64144ccf1df_6.0.22621.3672_none_2713b9d173822955;C:\Program Files\Huawei\DevEco Studio\jbr\bin\server

VM Arguments:
jvm_args: -Dfile.encoding=GBK 
java_command: C:\Program Files\Huawei\DevEco Studio\sdk\HarmonyOS-NEXT-DB5\openharmony\toolchains\lib\app_packing_tool.jar --mode hap --force true --lib-path C:\Users\18237\Desktop\project-files\charge\20240902-hm-0.0.1-mall\authority\hm\entry\build\default\intermediates\stripped_native_libs\default --json-path C:\Users\18237\Desktop\project-files\charge\20240902-hm-0.0.1-mall\authority\hm\entry\build\default\intermediates\package\default\module.json --resources-path C:\Users\18237\Desktop\project-files\charge\20240902-hm-0.0.1-mall\authority\hm\entry\build\default\intermediates\res\default\resources --index-path C:\Users\18237\Desktop\project-files\charge\20240902-hm-0.0.1-mall\authority\hm\entry\build\default\intermediates\res\default\resources.index --pack-info-path C:\Users\18237\Desktop\project-files\charge\20240902-hm-0.0.1-mall\authority\hm\entry\build\default\outputs\default\pack.info --out-path C:\Users\18237\Desktop\project-files\charge\20240902-hm-0.0.1-mall\authority\hm\entry\build\default\outputs\default\entry-default-unsigned.hap --ets-path C:\Users\18237\Desktop\project-files\charge\20240902-hm-0.0.1-mall\authority\hm\entry\build\default\intermediates\loader_out\default\ets
java_class_path (initial): C:\Program Files\Huawei\DevEco Studio\sdk\HarmonyOS-NEXT-DB5\openharmony\toolchains\lib\app_packing_tool.jar
Launcher Type: SUN_STANDARD

[Global flags]
     intx CICompilerCount                          = 12                                        {product} {ergonomic}
     uint ConcGCThreads                            = 3                                         {product} {ergonomic}
     uint G1ConcRefinementThreads                  = 13                                        {product} {ergonomic}
   size_t G1HeapRegionSize                         = 2097152                                   {product} {ergonomic}
    uintx GCDrainStackTargetSize                   = 64                                        {product} {ergonomic}
   size_t InitialHeapSize                          = 264241152                                 {product} {ergonomic}
   size_t MarkStackSize                            = 4194304                                   {product} {ergonomic}
   size_t MaxHeapSize                              = 4227858432                                {product} {ergonomic}
   size_t MinHeapDeltaBytes                        = 2097152                                   {product} {ergonomic}
   size_t MinHeapSize                              = 8388608                                   {product} {ergonomic}
    uintx NonNMethodCodeHeapSize                   = 7602480                                {pd product} {ergonomic}
    uintx NonProfiledCodeHeapSize                  = 122027880                              {pd product} {ergonomic}
    uintx ProfiledCodeHeapSize                     = 122027880                              {pd product} {ergonomic}
    uintx ReservedCodeCacheSize                    = 251658240                              {pd product} {ergonomic}
     bool SegmentedCodeCache                       = true                                      {product} {ergonomic}
   size_t SoftMaxHeapSize                          = 4227858432                             {manageable} {ergonomic}
     bool UseCompressedClassPointers               = true                           {product lp64_product} {ergonomic}
     bool UseCompressedOops                        = true                           {product lp64_product} {ergonomic}
     bool UseG1GC                                  = true                                      {product} {ergonomic}
     bool UseLargePagesIndividualAllocation        = false                                  {pd product} {ergonomic}

Logging:
Log output configuration:
 #0: stdout all=warning uptime,level,tags
 #1: stderr all=off uptime,level,tags

Environment Variables:
JAVA_HOME=C:\Program Files\Huawei\DevEco Studio\jbr
PATH=C:\Program Files\Huawei\DevEco Studio\tools\node;C:\Program Files\Huawei\DevEco Studio\jbr\bin;C:\Program Files\Common Files\Oracle\Java\javapath;C:\Windows\system32;C:\Windows;C:\Windows\System32\Wbem;C:\Windows\System32\WindowsPowerShell\v1.0\;C:\Windows\System32\OpenSSH\;C:\Program Files (x86)\NVIDIA Corporation\PhysX\Common;C:\Program Files\NVIDIA Corporation\NVIDIA NvDLISR;C:\Program Files\Redis\;C:\Program Files\nodejs\;C:\Users\18237\Downloads\commandline-tools-windows-2.0.0.2\command-line-tools\ohpm\bin;C:\Users\18237\AppData\Local\Microsoft\WindowsApps;C:\Users\18237\AppData\Roaming\npm;C:\Users\18237\AppData\Local\Programs\Microsoft VS Code\bin;C:\Program Files\Huawei\DevEco Studio\bin;
USERNAME=18237
OS=Windows_NT
PROCESSOR_IDENTIFIER=AMD64 Family 25 Model 68 Stepping 1, AuthenticAMD
TMP=C:\Users\18237\AppData\Local\Temp
TEMP=C:\Users\18237\AppData\Local\Temp



Periodic native trim disabled

JNI global refs:
JNI global refs: 0, weak refs: 0

JNI global refs memory usage: 0, weak refs: 0

OOME stack traces (most recent first):
Classloader memory used:


---------------  S Y S T E M  ---------------

OS:
 Windows 11 , 64 bit Build 22621 (10.0.22621.3958)
OS uptime: 0 days 8:13 hours
Hyper-V role detected

CPU: total 16 (initial active 16) (16 cores per cpu, 2 threads per core) family 25 model 68 stepping 1 microcode 0x0, cx8, cmov, fxsr, ht, mmx, 3dnowpref, sse, sse2, sse3, ssse3, sse4a, sse4.1, sse4.2, popcnt, lzcnt, tsc, tscinvbit, avx, avx2, aes, erms, clmul, bmi1, bmi2, adx, sha, fma, vzeroupper, clflush, clflushopt, hv
Processor Information for all 16 processors :
  Max Mhz: 3100, Current Mhz: 2523, Mhz Limit: 3100

Memory: 4k page, system-wide physical 16122M (536M free)
TotalPageFile size 64243M (AvailPageFile size 3M)
current process WorkingSet (physical memory assigned to process): 11M, peak: 11M
current process commit charge ("private bytes"): 64M, peak: 65M

vm_info: OpenJDK 64-Bit Server VM (17.0.10+1-b1087.17) for windows-amd64 JRE (17.0.10+1-b1087.17), built on 2024-01-19 by "builduser" with MS VC++ 16.10 / 16.11 (VS2019)

END.
